生成启动时间为 2015/6/9 星期二 20:28:48。
     1>项目“E:\VisualStudioProject\ClassRoomManager\ClassRoomManager\ClassRoomManager.vcxproj”在节点 2 上(Build 个目标)。
     1>ClCompile:
         D:\Microsoft Visual Studio 11.0\VC\bin\CL.exe /c /ZI /nologo /W3 /WX- /sdl /Od /Oy- /D WIN32 /D _WINDOWS /D _DEBUG /D _MBCS /D _AFXDLL /Gm /EHsc /RTC1 /MDd /GS /fp:precise /Zc:wchar_t /Zc:forScope /Yu"stdafx.h" /Fp"Debug\ClassRoomManager.pch" /Fo"Debug\\" /Fd"Debug\vc110.pdb" /Gd /TP /analyze- /errorReport:prompt Room.cpp
         Room.cpp
       Link:
         D:\Microsoft Visual Studio 11.0\VC\bin\link.exe /ERRORREPORT:PROMPT /OUT:"E:\VisualStudioProject\ClassRoomManager\Debug\ClassRoomManager.exe" /INCREMENTAL /NOLOGO odbc32.lib /MANIFEST /MANIFESTUAC:"level='asInvoker' uiAccess='false'" /manifest:embed /manifestinput:"D:\Microsoft Visual Studio 11.0\VC\Include\Manifest\dpiaware.manifest" /DEBUG /PDB:"E:\VisualStudioProject\ClassRoomManager\Debug\ClassRoomManager.pdb" /SUBSYSTEM:WINDOWS /TLBID:1 /DYNAMICBASE /NXCOMPAT /IMPLIB:"E:\VisualStudioProject\ClassRoomManager\Debug\ClassRoomManager.lib" /MACHINE:X86 Debug\ClassRoomManager.res
         Debug\ClassRoomManager.obj
         Debug\ClassRoomManagerDoc.obj
         Debug\ClassRoomManagerSet.obj
         Debug\ClassRoomManagerView.obj
         Debug\ExChange.obj
         Debug\Input.obj
         Debug\MainFrm.obj
         Debug\Room.obj
         Debug\stdafx.obj
         ClassRoomManager.vcxproj -> E:\VisualStudioProject\ClassRoomManager\Debug\ClassRoomManager.exe
     1>已完成生成项目“E:\VisualStudioProject\ClassRoomManager\ClassRoomManager\ClassRoomManager.vcxproj”(Build 个目标)的操作。

生成成功。

已用时间 00:00:01.37
