E:\GITHUBPROJECT\EDUCATIONMANAGER\CLASSROOMMANAGER\CLASSROOMMANAGER\RELEASE\CLASSROOMMANAGER.PCH
E:\GITHUBPROJECT\EDUCATIONMANAGER\CLASSROOMMANAGER\CLASSROOMMANAGER\RELEASE\STDAFX.OBJ
E:\GITHUBPROJECT\EDUCATIONMANAGER\CLASSROOMMANAGER\CLASSROOMMANAGER\RELEASE\VC110.PDB
E:\GITHUBPROJECT\EDUCATIONMANAGER\CLASSROOMMANAGER\CLASSROOMMANAGER\RELEASE\ROOM.OBJ
E:\GITHUBPROJECT\EDUCATIONMANAGER\CLASSROOMMANAGER\CLASSROOMMANAGER\RELEASE\MAINFRM.OBJ
E:\GITHUBPROJECT\EDUCATIONMANAGER\CLASSROOMMANAGER\CLASSROOMMANAGER\RELEASE\INPUT.OBJ
E:\GITHUBPROJECT\EDUCATIONMANAGER\CLASSROOMMANAGER\CLASSROOMMANAGER\RELEASE\FINDER.OBJ
E:\GITHUBPROJECT\EDUCATIONMANAGER\CLASSROOMMANAGER\CLASSROOMMANAGER\RELEASE\EXCHANGE.OBJ
E:\GITHUBPROJECT\EDUCATIONMANAGER\CLASSROOMMANAGER\CLASSROOMMANAGER\RELEASE\DISPLAY.OBJ
E:\GITHUBPROJECT\EDUCATIONMANAGER\CLASSROOMMANAGER\CLASSROOMMANAGER\RELEASE\CLASSROOMMANAGERVIEW.OBJ
E:\GITHUBPROJECT\EDUCATIONMANAGER\CLASSROOMMANAGER\CLASSROOMMANAGER\RELEASE\CLASSROOMMANAGERSET.OBJ
E:\GITHUBPROJECT\EDUCATIONMANAGER\CLASSROOMMANAGER\CLASSROOMMANAGER\RELEASE\CLASSROOMMANAGERDOC.OBJ
E:\GITHUBPROJECT\EDUCATIONMANAGER\CLASSROOMMANAGER\CLASSROOMMANAGER\RELEASE\CLASSROOMMANAGER.OBJ
E:\GITHUBPROJECT\EDUCATIONMANAGER\CLASSROOMMANAGER\RELEASE\CLASSROOMMANAGER.EXE
E:\GITHUBPROJECT\EDUCATIONMANAGER\CLASSROOMMANAGER\RELEASE\CLASSROOMMANAGER.PDB
E:\GITHUBPROJECT\EDUCATIONMANAGER\CLASSROOMMANAGER\CLASSROOMMANAGER\RELEASE\CLASSROOMMANAGER.RES
E:\GithubProject\EducationManager\ClassRoomManager\ClassRoomManager\Release\ClassRoomManager.obj
E:\GithubProject\EducationManager\ClassRoomManager\ClassRoomManager\Release\ClassRoomManagerDoc.obj
E:\GithubProject\EducationManager\ClassRoomManager\ClassRoomManager\Release\ClassRoomManagerSet.obj
E:\GithubProject\EducationManager\ClassRoomManager\ClassRoomManager\Release\ClassRoomManagerView.obj
E:\GithubProject\EducationManager\ClassRoomManager\ClassRoomManager\Release\Display.obj
E:\GithubProject\EducationManager\ClassRoomManager\ClassRoomManager\Release\ExChange.obj
E:\GithubProject\EducationManager\ClassRoomManager\ClassRoomManager\Release\Finder.obj
E:\GithubProject\EducationManager\ClassRoomManager\ClassRoomManager\Release\Input.obj
E:\GithubProject\EducationManager\ClassRoomManager\ClassRoomManager\Release\MainFrm.obj
E:\GithubProject\EducationManager\ClassRoomManager\ClassRoomManager\Release\Room.obj
E:\GithubProject\EducationManager\ClassRoomManager\ClassRoomManager\Release\stdafx.obj
E:\GithubProject\EducationManager\ClassRoomManager\ClassRoomManager\Release\cl.command.1.tlog
E:\GithubProject\EducationManager\ClassRoomManager\ClassRoomManager\Release\CL.read.1.tlog
E:\GithubProject\EducationManager\ClassRoomManager\ClassRoomManager\Release\CL.write.1.tlog
E:\GithubProject\EducationManager\ClassRoomManager\ClassRoomManager\Release\link-cvtres.read.1.tlog
E:\GithubProject\EducationManager\ClassRoomManager\ClassRoomManager\Release\link-cvtres.write.1.tlog
E:\GithubProject\EducationManager\ClassRoomManager\ClassRoomManager\Release\link-mt.read.1.tlog
E:\GithubProject\EducationManager\ClassRoomManager\ClassRoomManager\Release\link-mt.write.1.tlog
E:\GithubProject\EducationManager\ClassRoomManager\ClassRoomManager\Release\link-rc.read.1.tlog
E:\GithubProject\EducationManager\ClassRoomManager\ClassRoomManager\Release\link-rc.write.1.tlog
E:\GithubProject\EducationManager\ClassRoomManager\ClassRoomManager\Release\link.command.1.tlog
E:\GithubProject\EducationManager\ClassRoomManager\ClassRoomManager\Release\link.read.1.tlog
E:\GithubProject\EducationManager\ClassRoomManager\ClassRoomManager\Release\link.write.1.tlog
E:\GithubProject\EducationManager\ClassRoomManager\ClassRoomManager\Release\rc.command.1.tlog
E:\GithubProject\EducationManager\ClassRoomManager\ClassRoomManager\Release\rc.read.1.tlog
E:\GithubProject\EducationManager\ClassRoomManager\ClassRoomManager\Release\rc.write.1.tlog
E:\GithubProject\EducationManager\ClassRoomManager\ClassRoomManager\Release\ClassRoomManager.res
E:\GithubProject\EducationManager\ClassRoomManager\ClassRoomManager\Release\ClassRoomManager.pch
E:\GithubProject\EducationManager\ClassRoomManager\ClassRoomManager\Release\vc110.pdb
E:\GithubProject\EducationManager\ClassRoomManager\Release\ClassRoomManager.pdb
E:\GithubProject\EducationManager\ClassRoomManager\Release\ClassRoomManager.exe
