生成启动时间为 2015/6/11 星期四 11:56:57。
     1>项目“E:\GithubProject\EducationManager\ClassRoomManager\ClassRoomManager\ClassRoomManager.vcxproj”在节点 2 上(Rebuild 个目标)。
     1>ClCompile:
         D:\Microsoft Visual Studio 11.0\VC\bin\CL.exe /c /Zi /nologo /W3 /WX- /sdl /O2 /Oi /Oy- /GL /D WIN32 /D _WINDOWS /D NDEBUG /D _MBCS /D _AFXDLL /Gm- /EHsc /MD /GS /Gy /fp:precise /Zc:wchar_t /Zc:forScope /Yc"stdafx.h" /Fp"Release\ClassRoomManager.pch" /Fo"Release\\" /Fd"Release\vc110.pdb" /Gd /TP /analyze- /errorReport:prompt stdafx.cpp
         stdafx.cpp
         D:\Microsoft Visual Studio 11.0\VC\bin\CL.exe /c /Zi /nologo /W3 /WX- /sdl /O2 /Oi /Oy- /GL /D WIN32 /D _WINDOWS /D NDEBUG /D _MBCS /D _AFXDLL /Gm- /EHsc /MD /GS /Gy /fp:precise /Zc:wchar_t /Zc:forScope /Yu"stdafx.h" /Fp"Release\ClassRoomManager.pch" /Fo"Release\\" /Fd"Release\vc110.pdb" /Gd /TP /analyze- /errorReport:prompt ClassRoomManager.cpp ClassRoomManagerDoc.cpp ClassRoomManagerSet.cpp ClassRoomManagerView.cpp Display.cpp ExChange.cpp Finder.cpp Input.cpp MainFrm.cpp Room.cpp
         ClassRoomManager.cpp
         ClassRoomManagerDoc.cpp
         ClassRoomManagerSet.cpp
         ClassRoomManagerView.cpp
         Display.cpp
         ExChange.cpp
         Finder.cpp
         Input.cpp
         MainFrm.cpp
         Room.cpp
       ResourceCompile:
         C:\Program Files (x86)\Windows Kits\8.0\bin\x86\rc.exe /D NDEBUG /D _AFXDLL /l"0x0804" /IRelease\ /nologo /fo"Release\ClassRoomManager.res" ClassRoomManager.rc 
       Link:
         D:\Microsoft Visual Studio 11.0\VC\bin\link.exe /ERRORREPORT:PROMPT /OUT:"E:\GithubProject\EducationManager\ClassRoomManager\Release\ClassRoomManager.exe" /INCREMENTAL:NO /NOLOGO odbc32.lib /MANIFEST /MANIFESTUAC:"level='asInvoker' uiAccess='false'" /manifest:embed /manifestinput:"D:\Microsoft Visual Studio 11.0\VC\Include\Manifest\dpiaware.manifest" /DEBUG /PDB:"E:\GithubProject\EducationManager\ClassRoomManager\Release\ClassRoomManager.pdb" /SUBSYSTEM:WINDOWS /OPT:REF /OPT:ICF /LTCG /TLBID:1 /DYNAMICBASE /NXCOMPAT /IMPLIB:"E:\GithubProject\EducationManager\ClassRoomManager\Release\ClassRoomManager.lib" /MACHINE:X86 /SAFESEH Release\ClassRoomManager.res
         Release\ClassRoomManager.obj
         Release\ClassRoomManagerDoc.obj
         Release\ClassRoomManagerSet.obj
         Release\ClassRoomManagerView.obj
         Release\Display.obj
         Release\ExChange.obj
         Release\Finder.obj
         Release\Input.obj
         Release\MainFrm.obj
         Release\Room.obj
         Release\stdafx.obj
         正在生成代码
         已完成代码的生成
         ClassRoomManager.vcxproj -> E:\GithubProject\EducationManager\ClassRoomManager\Release\ClassRoomManager.exe
     1>已完成生成项目“E:\GithubProject\EducationManager\ClassRoomManager\ClassRoomManager\ClassRoomManager.vcxproj”(Rebuild 个目标)的操作。

生成成功。

已用时间 00:00:08.36
